{"level":"error","message":"could not get the genres","service":"user-service"}
{"level":"error","message":"could not get the genres","service":"user-service"}
{"level":"error","message":"could not get the genres","service":"user-service"}
{"level":"error","message":"could not get the genres","service":"user-service"}
{"level":"error","message":"could not get the genres","service":"user-service"}
{"level":"error","message":"could not get the genres","service":"user-service"}
{"level":"error","message":"could not get the genres","service":"user-service"}
{"level":"error","message":"could not get the genres","service":"user-service"}
{"level":"error","message":"could not get the genres","service":"user-service"}
2022-12-14T12:29:55.181Z [undefined] error: could not get the genres
2022-12-14T12:31:46.503Z [right meow!] error: could not get the genres
2022-12-14T12:35:23.290Z [right meow!] error: could not get the genres
2022-12-14T12:36:11.164Z [right meow!] error: could not get the genres
2022-12-14T13:16:28.460Z [right meow!] error: could not get the genres
2022-12-14T13:25:40.164Z [right meow!] error: something faild during setup...!
2022-12-14T13:30:31.176Z [right now!] error: something faild during setup...!
2022-12-14T13:34:57.503Z [right now!] error: something faild during setup...!
undefined [right now!] error: something faild during setup...!
2022-12-14T13:39:34.098Z [right now!] error: something faild during setup...!
2022-12-14T13:40:22.090Z [right now!] error: something faild during setup...!
2022-12-14T15:30:19.395Z [right now!] error: something faild during setup...!
2022-12-14T15:30:26.352Z [right now!] error: something faild during setup...!
2022-12-15T15:38:39.178Z [right now!] error: something faild during setup...!
2022-12-15T15:40:17.524Z [right now!] error: something faild during setup...!
2022-12-15T15:40:23.537Z [right now!] error: something faild during setup...!
2022-12-15T15:41:02.263Z [right now!] error: something faild during setup...!
2022-12-15T15:46:40.553Z [right now!] error: something faild during setup...!
2022-12-15T15:46:49.391Z [right now!] error: something faild during setup...!
2022-12-15T15:47:07.018Z [right now!] error: something faild during setup...!
2022-12-15T15:48:39.868Z [right now!] error: something faild during setup...!
2022-12-15T15:49:11.222Z [right now!] error: something faild during setup...!
2022-12-15T15:49:41.611Z [right now!] error: something faild during setup...!
2022-12-15T15:49:44.448Z [right now!] error: something faild during setup...!
2022-12-15T15:49:53.159Z [right now!] error: something faild during setup...!
2022-12-15T15:50:15.898Z [right now!] error: something faild during setup...!
2022-12-15T15:52:12.392Z [right now!] error: Cannot find module './config'
Require stack:
- /home/mmenaem/MOVIE/index.js
2022-12-15T16:03:32.020Z [right now!] error: Cannot find module './config'
Require stack:
- /home/mmenaem/MOVIE/index.js
2022-12-15T16:03:42.451Z [right now!] error: Cannot find module './config'
Require stack:
- /home/mmenaem/MOVIE/index.js
2022-12-15T16:04:07.012Z [right now!] error: Cannot find module './config'
Require stack:
- /home/mmenaem/MOVIE/index.js
2022-12-15T16:04:10.094Z [right now!] error: Cannot find module './config'
Require stack:
- /home/mmenaem/MOVIE/index.js
2022-12-15T16:04:11.776Z [right now!] error: Cannot find module './config'
Require stack:
- /home/mmenaem/MOVIE/index.js
2022-12-15T16:04:14.278Z [right now!] error: Cannot find module './config'
Require stack:
- /home/mmenaem/MOVIE/index.js
2022-12-15T16:04:16.104Z [right now!] error: Cannot find module './config'
Require stack:
- /home/mmenaem/MOVIE/index.js
2022-12-15T16:05:06.292Z [right now!] error: Cannot find module './config'
Require stack:
- /home/mmenaem/MOVIE/index.js
2022-12-15T16:06:10.719Z [right now!] error: Cannot find module './config'
Require stack:
- /home/mmenaem/MOVIE/index.js
2022-12-15T16:06:20.243Z [right now!] error: Cannot find module './config'
Require stack:
- /home/mmenaem/MOVIE/index.js
2022-12-15T16:06:28.139Z [right now!] error: Cannot find module './config'
Require stack:
- /home/mmenaem/MOVIE/index.js
2022-12-15T16:06:50.051Z [right now!] error: Cannot find module './config'
Require stack:
- /home/mmenaem/MOVIE/index.js
2022-12-15T16:07:12.615Z [right now!] error: Cannot find module './config'
Require stack:
- /home/mmenaem/MOVIE/index.js
2022-12-15T16:14:49.152Z [right now!] error: could not get the genres
2022-12-15T16:15:20.057Z [right now!] error: something faild during setup...!
2022-12-15T16:15:51.633Z [right now!] error: something faild during setup...!
2022-12-15T16:17:11.261Z [right now!] error: something faild during setup...!
2022-12-15T16:18:31.160Z [right now!] error: could not get the genres
2022-12-15T16:20:01.600Z [right now!] error: something faild during setup...!
2022-12-15T16:20:53.633Z [right now!] error: something faild during setup...!
2022-12-15T22:28:31.468Z [right now!] error: mongoConnectionString is not defined
2022-12-15T22:30:21.120Z [right now!] error: mongoConnectionString is not defined
2022-12-15T22:36:10.522Z [right now!] error: Unexpected token '=>'
